# JRE version: Java(TM) SE Runtime Environment (25.0.2+10) (build 25.0.2+10-LTS-69)
# Java VM: Java HotSpot(TM) 64-Bit Server VM (25.0.2+10-LTS-69, mixed mode, sharing, tiered, compressed oops, compressed class ptrs, parallel gc, windows-amd64)
GC Precious Log:
 CardTable entry size: 512
 CPUs: 24 total, 24 available
 Memory: 32305M
 Large Page Support: Disabled
 NUMA Support: Disabled
 Compressed Oops: Enabled (32-bit)
 Alignments: Space 512K, Generation 512K, Heap 2M
 Heap Min Capacity: 100M
 Heap Initial Capacity: 100M
 Heap Max Capacity: 2G
 Pre-touch: Disabled
 Parallel Workers: 18
Heap:
 PSYoungGen      total 32256K, used 6787K [0x00000000d5580000, 0x00000000d7700000, 0x0000000100000000)
  eden space 31232K, 18% used [0x00000000d5580000,0x00000000d5b256e8,0x00000000d7400000)
  from space 1024K, 98% used [0x00000000d7480000,0x00000000d757b870,0x00000000d7580000)
  to   space 1536K, 0% used [0x00000000d7580000,0x00000000d7580000,0x00000000d7700000)
 ParOldGen       total 734208K, used 734150K [0x0000000080000000, 0x00000000acd00000, 0x00000000d5580000)
  object space 734208K, 99% used [0x0000000080000000,0x00000000accf18d0,0x00000000acd00000)
GC Heap Usage History (20 events):
Event: 3902.237 {heap Before GC invocations=841 (full 5):
 PSYoungGen      total 32768K, used 32352K [0x00000000d5580000, 0x00000000d7680000, 0x0000000100000000)
  eden space 31744K, 100% used [0x00000000d5580000,0x00000000d7480000,0x00000000d7480000)
  from space 1024K, 59% used [0x00000000d7480000,0x00000000d7518020,0x00000000d7580000)
  to   space 1024K, 0% used [0x00000000d7580000,0x00000000d7580000,0x00000000d7680000)
 ParOldGen       total 733696K, used 733502K [0x0000000080000000, 0x00000000acc80000, 0x00000000d558Event: 3902.237 {heap After GC invocations=841 (full 5):
 PSYoungGen      total 32256K, used 1018K [0x00000000d5580000, 0x00000000d7700000, 0x0000000100000000)
  eden space 31232K, 0% used [0x00000000d5580000,0x00000000d5580000,0x00000000d7400000)
  from space 1024K, 99% used [0x00000000d7580000,0x00000000d767e920,0x00000000d7680000)
  to   space 1536K, 0% used [0x00000000d7400000,0x00000000d7400000,0x00000000d7580000)
 ParOldGen       total 733696K, used 733502K [0x0000000080000000, 0x00000000acc80000, 0x00000000d5580000Event: 3903.950 {heap Before GC invocations=842 (full 5):
 PSYoungGen      total 32256K, used 32250K [0x00000000d5580000, 0x00000000d7700000, 0x0000000100000000)
  eden space 31232K, 100% used [0x00000000d5580000,0x00000000d7400000,0x00000000d7400000)
  from space 1024K, 99% used [0x00000000d7580000,0x00000000d767e920,0x00000000d7680000)
  to   space 1536K, 0% used [0x00000000d7400000,0x00000000d7400000,0x00000000d7580000)
 ParOldGen       total 733696K, used 733502K [0x0000000080000000, 0x00000000acc80000, 0x00000000d558Event: 3903.951 {heap After GC invocations=842 (full 5):
 PSYoungGen      total 32768K, used 512K [0x00000000d5580000, 0x00000000d7680000, 0x0000000100000000)
  eden space 31232K, 0% used [0x00000000d5580000,0x00000000d5580000,0x00000000d7400000)
  from space 1536K, 33% used [0x00000000d7400000,0x00000000d7480000,0x00000000d7580000)
  to   space 1024K, 0% used [0x00000000d7580000,0x00000000d7580000,0x00000000d7680000)
 ParOldGen       total 733696K, used 733510K [0x0000000080000000, 0x00000000acc80000, 0x00000000d5580000)Event: 3905.351 {heap Before GC invocations=843 (full 5):
 PSYoungGen      total 32768K, used 31744K [0x00000000d5580000, 0x00000000d7680000, 0x0000000100000000)
  eden space 31232K, 100% used [0x00000000d5580000,0x00000000d7400000,0x00000000d7400000)
  from space 1536K, 33% used [0x00000000d7400000,0x00000000d7480000,0x00000000d7580000)
  to   space 1024K, 0% used [0x00000000d7580000,0x00000000d7580000,0x00000000d7680000)
 ParOldGen       total 733696K, used 733510K [0x0000000080000000, 0x00000000acc80000, 0x00000000d558Event: 3905.351 {heap After GC invocations=843 (full 5):
 PSYoungGen      total 32768K, used 608K [0x00000000d5580000, 0x00000000d7680000, 0x0000000100000000)
  eden space 31744K, 0% used [0x00000000d5580000,0x00000000d5580000,0x00000000d7480000)
  from space 1024K, 59% used [0x00000000d7580000,0x00000000d7618020,0x00000000d7680000)
  to   space 1024K, 0% used [0x00000000d7480000,0x00000000d7480000,0x00000000d7580000)
 ParOldGen       total 733696K, used 733534K [0x0000000080000000, 0x00000000acc80000, 0x00000000d5580000)Event: 3908.203 {heap Before GC invocations=844 (full 5):
 PSYoungGen      total 32768K, used 32352K [0x00000000d5580000, 0x00000000d7680000, 0x0000000100000000)
  eden space 31744K, 100% used [0x00000000d5580000,0x00000000d7480000,0x00000000d7480000)
  from space 1024K, 59% used [0x00000000d7580000,0x00000000d7618020,0x00000000d7680000)
  to   space 1024K, 0% used [0x00000000d7480000,0x00000000d7480000,0x00000000d7580000)
 ParOldGen       total 733696K, used 733534K [0x0000000080000000, 0x00000000acc80000, 0x00000000d558Event: 3908.204 {heap After GC invocations=844 (full 5):
 PSYoungGen      total 32768K, used 788K [0x00000000d5580000, 0x00000000d7680000, 0x0000000100000000)
  eden space 31744K, 0% used [0x00000000d5580000,0x00000000d5580000,0x00000000d7480000)
  from space 1024K, 77% used [0x00000000d7480000,0x00000000d7545220,0x00000000d7580000)
  to   space 1024K, 0% used [0x00000000d7580000,0x00000000d7580000,0x00000000d7680000)
 ParOldGen       total 733696K, used 733534K [0x0000000080000000, 0x00000000acc80000, 0x00000000d5580000)Event: 3911.573 {heap Before GC invocations=845 (full 5):
 PSYoungGen      total 32768K, used 32532K [0x00000000d5580000, 0x00000000d7680000, 0x0000000100000000)
  eden space 31744K, 100% used [0x00000000d5580000,0x00000000d7480000,0x00000000d7480000)
  from space 1024K, 77% used [0x00000000d7480000,0x00000000d7545220,0x00000000d7580000)
  to   space 1024K, 0% used [0x00000000d7580000,0x00000000d7580000,0x00000000d7680000)
 ParOldGen       total 733696K, used 733534K [0x0000000080000000, 0x00000000acc80000, 0x00000000d558Event: 3911.573 {heap After GC invocations=845 (full 5):
 PSYoungGen      total 32768K, used 576K [0x00000000d5580000, 0x00000000d7680000, 0x0000000100000000)
  eden space 31744K, 0% used [0x00000000d5580000,0x00000000d5580000,0x00000000d7480000)
  from space 1024K, 56% used [0x00000000d7580000,0x00000000d7610020,0x00000000d7680000)
  to   space 1024K, 0% used [0x00000000d7480000,0x00000000d7480000,0x00000000d7580000)
 ParOldGen       total 733696K, used 733566K [0x0000000080000000, 0x00000000acc80000, 0x00000000d5580000)Event: 3913.628 {heap Before GC invocations=846 (full 5):
 PSYoungGen      total 32768K, used 32320K [0x00000000d5580000, 0x00000000d7680000, 0x0000000100000000)
  eden space 31744K, 100% used [0x00000000d5580000,0x00000000d7480000,0x00000000d7480000)
  from space 1024K, 56% used [0x00000000d7580000,0x00000000d7610020,0x00000000d7680000)
  to   space 1024K, 0% used [0x00000000d7480000,0x00000000d7480000,0x00000000d7580000)
 ParOldGen       total 733696K, used 733566K [0x0000000080000000, 0x00000000acc80000, 0x00000000d558Event: 3913.628 {heap After GC invocations=846 (full 5):
 PSYoungGen      total 32768K, used 730K [0x00000000d5580000, 0x00000000d7680000, 0x0000000100000000)
  eden space 31744K, 0% used [0x00000000d5580000,0x00000000d5580000,0x00000000d7480000)
  from space 1024K, 71% used [0x00000000d7480000,0x00000000d7536920,0x00000000d7580000)
  to   space 1024K, 0% used [0x00000000d7580000,0x00000000d7580000,0x00000000d7680000)
 ParOldGen       total 733696K, used 733638K [0x0000000080000000, 0x00000000acc80000, 0x00000000d5580000)Event: 3916.830 {heap Before GC invocations=847 (full 5):
 PSYoungGen      total 32768K, used 32474K [0x00000000d5580000, 0x00000000d7680000, 0x0000000100000000)
  eden space 31744K, 100% used [0x00000000d5580000,0x00000000d7480000,0x00000000d7480000)
  from space 1024K, 71% used [0x00000000d7480000,0x00000000d7536920,0x00000000d7580000)
  to   space 1024K, 0% used [0x00000000d7580000,0x00000000d7580000,0x00000000d7680000)
 ParOldGen       total 733696K, used 733638K [0x0000000080000000, 0x00000000acc80000, 0x00000000d558Event: 3916.831 {heap After GC invocations=847 (full 5):
 PSYoungGen      total 32768K, used 634K [0x00000000d5580000, 0x00000000d7680000, 0x0000000100000000)
  eden space 31744K, 0% used [0x00000000d5580000,0x00000000d5580000,0x00000000d7480000)
  from space 1024K, 61% used [0x00000000d7580000,0x00000000d761e920,0x00000000d7680000)
  to   space 1024K, 0% used [0x00000000d7480000,0x00000000d7480000,0x00000000d7580000)
 ParOldGen       total 734208K, used 733766K [0x0000000080000000, 0x00000000acd00000, 0x00000000d5580000)Event: 4214.662 {heap Before GC invocations=848 (full 5):
 PSYoungGen      total 32768K, used 32374K [0x00000000d5580000, 0x00000000d7680000, 0x0000000100000000)
  eden space 31744K, 99% used [0x00000000d5580000,0x00000000d747f258,0x00000000d7480000)
  from space 1024K, 61% used [0x00000000d7580000,0x00000000d761e920,0x00000000d7680000)
  to   space 1024K, 0% used [0x00000000d7480000,0x00000000d7480000,0x00000000d7580000)
 ParOldGen       total 734208K, used 733766K [0x0000000080000000, 0x00000000acd00000, 0x00000000d5580Event: 4214.664 {heap After GC invocations=848 (full 5):
 PSYoungGen      total 32768K, used 544K [0x00000000d5580000, 0x00000000d7680000, 0x0000000100000000)
  eden space 31744K, 0% used [0x00000000d5580000,0x00000000d5580000,0x00000000d7480000)
  from space 1024K, 53% used [0x00000000d7480000,0x00000000d7508000,0x00000000d7580000)
  to   space 1024K, 0% used [0x00000000d7580000,0x00000000d7580000,0x00000000d7680000)
 ParOldGen       total 734208K, used 733830K [0x0000000080000000, 0x00000000acd00000, 0x00000000d5580000)Event: 4215.422 {heap Before GC invocations=849 (full 5):
 PSYoungGen      total 32768K, used 32288K [0x00000000d5580000, 0x00000000d7680000, 0x0000000100000000)
  eden space 31744K, 100% used [0x00000000d5580000,0x00000000d7480000,0x00000000d7480000)
  from space 1024K, 53% used [0x00000000d7480000,0x00000000d7508000,0x00000000d7580000)
  to   space 1024K, 0% used [0x00000000d7580000,0x00000000d7580000,0x00000000d7680000)
 ParOldGen       total 734208K, used 733830K [0x0000000080000000, 0x00000000acd00000, 0x00000000d558Event: 4215.423 {heap After GC invocations=849 (full 5):
 PSYoungGen      total 32768K, used 621K [0x00000000d5580000, 0x00000000d7680000, 0x0000000100000000)
  eden space 31744K, 0% used [0x00000000d5580000,0x00000000d5580000,0x00000000d7480000)
  from space 1024K, 60% used [0x00000000d7580000,0x00000000d761b4e8,0x00000000d7680000)
  to   space 1024K, 0% used [0x00000000d7480000,0x00000000d7480000,0x00000000d7580000)
 ParOldGen       total 734208K, used 733974K [0x0000000080000000, 0x00000000acd00000, 0x00000000d5580000)Event: 4215.568 {heap Before GC invocations=850 (full 5):
 PSYoungGen      total 32768K, used 32340K [0x00000000d5580000, 0x00000000d7680000, 0x0000000100000000)
  eden space 31744K, 99% used [0x00000000d5580000,0x00000000d7479e60,0x00000000d7480000)
  from space 1024K, 60% used [0x00000000d7580000,0x00000000d761b4e8,0x00000000d7680000)
  to   space 1024K, 0% used [0x00000000d7480000,0x00000000d7480000,0x00000000d7580000)
 ParOldGen       total 734208K, used 733974K [0x0000000080000000, 0x00000000acd00000, 0x00000000d5580Event: 4215.569 {heap After GC invocations=850 (full 5):
 PSYoungGen      total 32256K, used 1006K [0x00000000d5580000, 0x00000000d7700000, 0x0000000100000000)
  eden space 31232K, 0% used [0x00000000d5580000,0x00000000d5580000,0x00000000d7400000)
  from space 1024K, 98% used [0x00000000d7480000,0x00000000d757b870,0x00000000d7580000)
  to   space 1536K, 0% used [0x00000000d7580000,0x00000000d7580000,0x00000000d7700000)
 ParOldGen       total 734208K, used 734150K [0x0000000080000000, 0x00000000acd00000, 0x00000000d5580000
Metaspace Usage History (20 events):
Event: 3902.237 {metaspace Before GC invocations=841 (full 5):
 Metaspace       used 103905K, committed 105792K, reserved 1179648K
  class space    used 10894K, committed 11776K, reserved 1048576K
}
Event: 3902.238 {metaspace After GC invocations=841 (full 5):
 Metaspace       used 103905K, committed 105792K, reserved 1179648K
  class space    used 10894K, committed 11776K, reserved 1048576K
}
Event: 3903.950 {metaspace Before GC invocations=842 (full 5):
 Metaspace       used 103905K, committed 105792K, reserved 1179648K
  class space    used 10894K, committed 11776K, reserved 1048576K
}
Event: 3903.951 {metaspace After GC invocations=842 (full 5):
 Metaspace       used 103905K, committed 105792K, reserved 1179648K
  class space    used 10894K, committed 11776K, reserved 1048576K
}
Event: 3905.351 {metaspace Before GC invocations=843 (full 5):
 Metaspace       used 103905K, committed 105792K, reserved 1179648K
  class space    used 10894K, committed 11776K, reserved 1048576K
}
Event: 3905.351 {metaspace After GC invocations=843 (full 5):
 Metaspace       used 103905K, committed 105792K, reserved 1179648K
  class space    used 10894K, committed 11776K, reserved 1048576K
}
Event: 3908.203 {metaspace Before GC invocations=844 (full 5):
 Metaspace       used 103905K, committed 105792K, reserved 1179648K
  class space    used 10894K, committed 11776K, reserved 1048576K
}
Event: 3908.204 {metaspace After GC invocations=844 (full 5):
 Metaspace       used 103905K, committed 105792K, reserved 1179648K
  class space    used 10894K, committed 11776K, reserved 1048576K
}
Event: 3911.573 {metaspace Before GC invocations=845 (full 5):
 Metaspace       used 103910K, committed 105792K, reserved 1179648K
  class space    used 10894K, committed 11776K, reserved 1048576K
}
Event: 3911.573 {metaspace After GC invocations=845 (full 5):
 Metaspace       used 103910K, committed 105792K, reserved 1179648K
  class space    used 10894K, committed 11776K, reserved 1048576K
}
Event: 3913.628 {metaspace Before GC invocations=846 (full 5):
 Metaspace       used 103910K, committed 105792K, reserved 1179648K
  class space    used 10894K, committed 11776K, reserved 1048576K
}
Event: 3913.628 {metaspace After GC invocations=846 (full 5):
 Metaspace       used 103910K, committed 105792K, reserved 1179648K
  class space    used 10894K, committed 11776K, reserved 1048576K
}
Event: 3916.830 {metaspace Before GC invocations=847 (full 5):
 Metaspace       used 103910K, committed 105792K, reserved 1179648K
  class space    used 10894K, committed 11776K, reserved 1048576K
}
Event: 3916.831 {metaspace After GC invocations=847 (full 5):
 Metaspace       used 103910K, committed 105792K, reserved 1179648K
  class space    used 10894K, committed 11776K, reserved 1048576K
}
Event: 4214.662 {metaspace Before GC invocations=848 (full 5):
 Metaspace       used 103940K, committed 105856K, reserved 1179648K
  class space    used 10899K, committed 11776K, reserved 1048576K
}
Event: 4214.664 {metaspace After GC invocations=848 (full 5):
 Metaspace       used 103940K, committed 105856K, reserved 1179648K
  class space    used 10899K, committed 11776K, reserved 1048576K
}
Event: 4215.422 {metaspace Before GC invocations=849 (full 5):
 Metaspace       used 104205K, committed 106048K, reserved 1179648K
  class space    used 10932K, committed 11776K, reserved 1048576K
}
Event: 4215.423 {metaspace After GC invocations=849 (full 5):
 Metaspace       used 104205K, committed 106048K, reserved 1179648K
  class space    used 10932K, committed 11776K, reserved 1048576K
}
Event: 4215.568 {metaspace Before GC invocations=850 (full 5):
 Metaspace       used 105122K, committed 107520K, reserved 1179648K
  class space    used 11144K, committed 12160K, reserved 1048576K
}
Event: 4215.569 {metaspace After GC invocations=850 (full 5):
 Metaspace       used 105122K, committed 107520K, reserved 1179648K
  class space    used 11144K, committed 12160K, reserved 1048576K
}

